[2024-05-13 12:35:50 : INFO] - Re_Smush_It_Task server status: Online 
[2024-05-13 12:35:52 : INFO] - A total of 31 tasks of type smush found and will be processed in this iteration 
[2024-05-13 12:35:52 : DEBUG] - Lock option (updraft_lock_smush, wpxo_options) was created in the database 
[2024-05-13 12:35:52 : INFO] - Lock (updraft_lock_smush, wpxo_options) acquired after initialising the database 
[2024-05-13 12:35:52 : INFO] - Processing task with ID : 1, and type 'smush' 
[2024-05-13 12:35:52 : INFO] - Re_Smush_It_Task - Attachment ID : 9, Started on : May 13, 2024 12:35:51 
[2024-05-13 12:35:52 : INFO] - File: woocommerce-placeholder.png, Compression quality: 92 
[2024-05-13 12:35:57 : INFO] - Backing up the original image - woocommerce-placeholder-updraft-pre-smush-original.png 
[2024-05-13 12:36:08 : INFO] - There were no WebP conversion tools found on your server. 
[2024-05-13 12:36:08 : INFO] - Successfully optimized the image - /home/beritaqc/public_html/jschool/wp-content/uploads/woocommerce-placeholder.png.The file was compressed from 100.24 KB to 73.05 KB, saving 27.12 percent, using WP-Optimize 
[2024-05-13 12:36:08 : INFO] - Completed processing task with ID : 1, and type 'smush' 
[2024-05-13 12:36:08 : INFO] - Processing task with ID : 2, and type 'smush' 
[2024-05-13 12:36:08 : INFO] - Re_Smush_It_Task - Attachment ID : 69, Started on : May 13, 2024 12:35:51 
[2024-05-13 12:36:08 : INFO] - File: icon-bg-edu1.png, Compression quality: 92 
[2024-05-13 12:36:12 : INFO] - Backing up the original image - 2024/05/icon-bg-edu1-updraft-pre-smush-original.png 
[2024-05-13 12:36:35 : INFO] - There were no WebP conversion tools found on your server. 
[2024-05-13 12:36:35 : INFO] - Successfully optimized the image - /home/beritaqc/public_html/jschool/wp-content/uploads/2024/05/icon-bg-edu1.png.The file was compressed from 156.60 KB to 91.93 KB, saving 41.3 percent, using WP-Optimize 
[2024-05-13 12:36:35 : INFO] - Completed processing task with ID : 2, and type 'smush' 
[2024-05-13 12:36:35 : INFO] - Processing task with ID : 3, and type 'smush' 
[2024-05-13 12:36:35 : INFO] - Re_Smush_It_Task - Attachment ID : 70, Started on : May 13, 2024 12:35:51 
[2024-05-13 12:36:35 : INFO] - File: edu-circlebg.png, Compression quality: 92 
[2024-05-13 12:36:39 : INFO] - Backing up the original image - 2024/05/edu-circlebg-updraft-pre-smush-original.png 
[2024-05-13 12:36:52 : INFO] - A total of 29 tasks of type smush found and will be processed in this iteration 
[2024-05-13 12:36:52 : DEBUG] - Lock option (updraft_lock_smush, wpxo_options) already existed in the database 
[2024-05-13 12:36:52 : INFO] - Lock (updraft_lock_smush, wpxo_options) could not be acquired (it is locked) 
[2024-05-13 12:36:52 : INFO] - Failed to gain semaphore lock (smush) - another process is already processing the queue - aborting (if this is wrong - i.e. if the other process crashed without removing the lock, then another can be started after 1 minute 
[2024-05-13 12:36:52 : INFO] - Cleaning up tasks of type (smush). A total of 2 tasks will be deleted. 
[2024-05-13 12:36:54 : INFO] - There were no WebP conversion tools found on your server. 
[2024-05-13 12:36:54 : INFO] - Successfully optimized the image - /home/beritaqc/public_html/jschool/wp-content/uploads/2024/05/edu-circlebg.png.The file was compressed from 251.35 KB to 56.71 KB, saving 77.44 percent, using WP-Optimize 
[2024-05-13 12:36:54 : INFO] - Completed processing task with ID : 3, and type 'smush' 
[2024-05-13 12:36:54 : INFO] - Processing task with ID : 4, and type 'smush' 
[2024-05-13 12:36:54 : INFO] - Re_Smush_It_Task - Attachment ID : 71, Started on : May 13, 2024 12:35:51 
[2024-05-13 12:36:54 : INFO] - File: wepik-export-20230627064459woMJ-1.png, Compression quality: 92 
[2024-05-13 12:37:00 : INFO] - Backing up the original image - 2024/05/wepik-export-20230627064459woMJ-1-updraft-pre-smush-original.png 
[2024-05-13 12:37:12 : INFO] - There were no WebP conversion tools found on your server. 
[2024-05-13 12:37:12 : INFO] - Successfully optimized the image - /home/beritaqc/public_html/jschool/wp-content/uploads/2024/05/wepik-export-20230627064459woMJ-1.png.The file was compressed from 245.50 KB to 62.94 KB, saving 74.36 percent, using WP-Optimize 
[2024-05-13 12:37:12 : INFO] - Completed processing task with ID : 4, and type 'smush' 
[2024-05-13 12:37:12 : INFO] - Processing task with ID : 5, and type 'smush' 
[2024-05-13 12:37:12 : INFO] - Re_Smush_It_Task - Attachment ID : 72, Started on : May 13, 2024 12:35:51 
[2024-05-13 12:37:12 : INFO] - File: bg-edulean.png, Compression quality: 92 
[2024-05-13 12:37:16 : INFO] - Backing up the original image - 2024/05/bg-edulean-updraft-pre-smush-original.png 
[2024-05-13 12:37:31 : INFO] - There were no WebP conversion tools found on your server. 
[2024-05-13 12:37:31 : INFO] - Successfully optimized the image - /home/beritaqc/public_html/jschool/wp-content/uploads/2024/05/bg-edulean.png.The file was compressed from 64.07 KB to 28.64 KB, saving 55.3 percent, using WP-Optimize 
[2024-05-13 12:37:31 : INFO] - Completed processing task with ID : 5, and type 'smush' 
[2024-05-13 12:37:31 : INFO] - Processing task with ID : 6, and type 'smush' 
[2024-05-13 12:37:31 : INFO] - Re_Smush_It_Task - Attachment ID : 73, Started on : May 13, 2024 12:35:51 
[2024-05-13 12:37:31 : INFO] - File: making-friends-on-campus-cropped-shot-of-a-group-2022-10-07-20-31-35-utc.jpg, Compression quality: 92 
[2024-05-13 12:37:38 : INFO] - Task with ID 6 and type (smush) failed with error code invalid_response - The compression apparently succeeded, but WP-Optimize could not retrieve the compressed image from the remote server. 
[2024-05-13 12:37:38 : INFO] - data: {"src":"http:\/\/hel2.static.resmush.it\/4702adbd289a1b64d4eb38433b53b2ae\/_src_making-friends-on-campus-cropped-shot-of-a-group-2022-10-07-20-31-35-utc.jpg","dest":"http:\/\/hel2.static.resmush.it\/4702adbd289a1b64d4eb38433b53b2ae\/making-friends-on-campus-cropped-shot-of-a-group-2022-10-07-20-31-35-utc.jpg","src_size":217033,"dest_size":201529,"percent":7,"output":"json","expires":"Mon, 13 May 2024 14:42:33 +0200","generator":"reSmush.it rev.3.0.11.20240125"} 
[2024-05-13 12:37:52 : INFO] - There were no WebP conversion tools found on your server. 
[2024-05-13 12:37:52 : INFO] - Successfully optimized the image - /home/beritaqc/public_html/jschool/wp-content/uploads/2024/05/making-friends-on-campus-cropped-shot-of-a-group-2022-10-07-20-31-35-utc.jpg.The file was compressed from 211.95 KB to 211.95 KB, saving 0 percent, using WP-Optimize 
[2024-05-13 12:37:52 : INFO] - Completed processing task with ID : 6, and type 'smush' 
[2024-05-13 12:37:52 : INFO] - Processing task with ID : 7, and type 'smush' 
[2024-05-13 12:37:52 : INFO] - Re_Smush_It_Task - Attachment ID : 74, Started on : May 13, 2024 12:35:51 
[2024-05-13 12:37:52 : INFO] - File: group-of-university-students-standing-in-corridor-2022-01-18-23-33-46-utc.jpg, Compression quality: 92 
[2024-05-13 12:37:53 : INFO] - A total of 25 tasks of type smush found and will be processed in this iteration 
[2024-05-13 12:37:53 : DEBUG] - Lock option (updraft_lock_smush, wpxo_options) already existed in the database 
[2024-05-13 12:37:53 : INFO] - Lock (updraft_lock_smush, wpxo_options) could not be acquired (it is locked) 
[2024-05-13 12:37:53 : INFO] - Failed to gain semaphore lock (smush) - another process is already processing the queue - aborting (if this is wrong - i.e. if the other process crashed without removing the lock, then another can be started after 1 minute 
[2024-05-13 12:37:53 : INFO] - Cleaning up tasks of type (smush). A total of 4 tasks will be deleted. 
[2024-05-13 12:37:59 : INFO] - Task with ID 7 and type (smush) failed with error code invalid_response - The compression apparently succeeded, but WP-Optimize could not retrieve the compressed image from the remote server. 
[2024-05-13 12:37:59 : INFO] - data: {"src":"http:\/\/hel2.static.resmush.it\/c1e8845431b7248db79a5e1072f71f09\/_src_group-of-university-students-standing-in-corridor-2022-01-18-23-33-46-utc.jpg","dest":"http:\/\/hel2.static.resmush.it\/c1e8845431b7248db79a5e1072f71f09\/group-of-university-students-standing-in-corridor-2022-01-18-23-33-46-utc.jpg","src_size":239481,"dest_size":177246,"percent":26,"output":"json","expires":"Mon, 13 May 2024 14:42:54 +0200","generator":"reSmush.it rev.3.0.11.20240125"} 
[2024-05-13 12:38:16 : INFO] - There were no WebP conversion tools found on your server. 
[2024-05-13 12:38:16 : INFO] - Successfully optimized the image - /home/beritaqc/public_html/jschool/wp-content/uploads/2024/05/group-of-university-students-standing-in-corridor-2022-01-18-23-33-46-utc.jpg.The file was compressed from 233.87 KB to 233.87 KB, saving 0 percent, using WP-Optimize 
[2024-05-13 12:38:16 : INFO] - Completed processing task with ID : 7, and type 'smush' 
[2024-05-13 12:38:16 : INFO] - Processing task with ID : 8, and type 'smush' 
[2024-05-13 12:38:16 : INFO] - Re_Smush_It_Task - Attachment ID : 75, Started on : May 13, 2024 12:35:51 
[2024-05-13 12:38:16 : INFO] - File: university-students-studying-with-teacher-2022-02-02-04-49-53-utc.jpg, Compression quality: 92 
[2024-05-13 12:38:19 : INFO] - Backing up the original image - 2024/05/university-students-studying-with-teacher-2022-02-02-04-49-53-utc-updraft-pre-smush-original.jpg 
[2024-05-13 12:38:40 : INFO] - There were no WebP conversion tools found on your server. 
[2024-05-13 12:38:40 : INFO] - Successfully optimized the image - /home/beritaqc/public_html/jschool/wp-content/uploads/2024/05/university-students-studying-with-teacher-2022-02-02-04-49-53-utc.jpg.The file was compressed from 228.50 KB to 173.98 KB, saving 23.86 percent, using WP-Optimize 
[2024-05-13 12:38:40 : INFO] - Completed processing task with ID : 8, and type 'smush' 
[2024-05-13 12:38:40 : INFO] - Processing task with ID : 9, and type 'smush' 
[2024-05-13 12:38:40 : INFO] - Re_Smush_It_Task - Attachment ID : 76, Started on : May 13, 2024 12:35:51 
[2024-05-13 12:38:40 : INFO] - File: attractive-business-woman-24AG6Y4-copy.jpg, Compression quality: 92 
[2024-05-13 12:38:44 : INFO] - Backing up the original image - 2024/05/attractive-business-woman-24AG6Y4-copy-updraft-pre-smush-original.jpg 
[2024-05-13 12:38:52 : INFO] - A total of 23 tasks of type smush found and will be processed in this iteration 
[2024-05-13 12:38:52 : DEBUG] - Lock option (updraft_lock_smush, wpxo_options) already existed in the database 
[2024-05-13 12:38:52 : INFO] - Lock (updraft_lock_smush, wpxo_options) could not be acquired (it is locked) 
[2024-05-13 12:38:52 : INFO] - Failed to gain semaphore lock (smush) - another process is already processing the queue - aborting (if this is wrong - i.e. if the other process crashed without removing the lock, then another can be started after 1 minute 
[2024-05-13 12:38:52 : INFO] - Cleaning up tasks of type (smush). A total of 2 tasks will be deleted. 
[2024-05-13 12:38:53 : INFO] - There were no WebP conversion tools found on your server. 
[2024-05-13 12:38:53 : INFO] - Successfully optimized the image - /home/beritaqc/public_html/jschool/wp-content/uploads/2024/05/attractive-business-woman-24AG6Y4-copy.jpg.The file was compressed from 67.27 KB to 66.38 KB, saving 1.31 percent, using WP-Optimize 
[2024-05-13 12:38:53 : INFO] - Completed processing task with ID : 9, and type 'smush' 
[2024-05-13 12:38:53 : INFO] - Processing task with ID : 10, and type 'smush' 
[2024-05-13 12:38:53 : INFO] - Re_Smush_It_Task - Attachment ID : 77, Started on : May 13, 2024 12:35:51 
[2024-05-13 12:38:53 : INFO] - File: an-attractive-group-of-friends-enjoying-a-break-be-2022-12-24-03-46-34-utc.jpg, Compression quality: 92 
[2024-05-13 12:39:00 : INFO] - Task with ID 10 and type (smush) failed with error code invalid_response - The compression apparently succeeded, but WP-Optimize could not retrieve the compressed image from the remote server. 
[2024-05-13 12:39:00 : INFO] - data: {"src":"http:\/\/hel2.static.resmush.it\/3381595f700067226c9f9145f8dbbf44\/_src_an-attractive-group-of-friends-enjoying-a-break-be-2022-12-24-03-46-34-utc.jpg","dest":"http:\/\/hel2.static.resmush.it\/3381595f700067226c9f9145f8dbbf44\/an-attractive-group-of-friends-enjoying-a-break-be-2022-12-24-03-46-34-utc.jpg","src_size":239658,"dest_size":233550,"percent":3,"output":"json","expires":"Mon, 13 May 2024 14:43:55 +0200","generator":"reSmush.it rev.3.0.11.20240125"} 
[2024-05-13 12:39:14 : INFO] - There were no WebP conversion tools found on your server. 
[2024-05-13 12:39:14 : INFO] - Successfully optimized the image - /home/beritaqc/public_html/jschool/wp-content/uploads/2024/05/an-attractive-group-of-friends-enjoying-a-break-be-2022-12-24-03-46-34-utc.jpg.The file was compressed from 234.04 KB to 234.04 KB, saving 0 percent, using WP-Optimize 
[2024-05-13 12:39:14 : INFO] - Completed processing task with ID : 10, and type 'smush' 
[2024-05-13 12:39:14 : INFO] - Processing task with ID : 11, and type 'smush' 
[2024-05-13 12:39:14 : INFO] - Re_Smush_It_Task - Attachment ID : 78, Started on : May 13, 2024 12:35:51 
[2024-05-13 12:39:14 : INFO] - File: man-with-beard-PE2XX2Z-copy.jpg, Compression quality: 92 
[2024-05-13 12:39:16 : INFO] - Backing up the original image - 2024/05/man-with-beard-PE2XX2Z-copy-updraft-pre-smush-original.jpg 
[2024-05-13 12:39:20 : INFO] - There were no WebP conversion tools found on your server. 
[2024-05-13 12:39:20 : INFO] - Successfully optimized the image - /home/beritaqc/public_html/jschool/wp-content/uploads/2024/05/man-with-beard-PE2XX2Z-copy.jpg.The file was compressed from 64.83 KB to 62.71 KB, saving 3.28 percent, using WP-Optimize 
[2024-05-13 12:39:20 : INFO] - Completed processing task with ID : 11, and type 'smush' 
[2024-05-13 12:39:20 : INFO] - Processing task with ID : 12, and type 'smush' 
[2024-05-13 12:39:20 : INFO] - Re_Smush_It_Task - Attachment ID : 79, Started on : May 13, 2024 12:35:51 
[2024-05-13 12:39:20 : INFO] - File: stylish-man-4N6J76M.jpg, Compression quality: 92 
[2024-05-13 12:39:24 : INFO] - Backing up the original image - 2024/05/stylish-man-4N6J76M-updraft-pre-smush-original.jpg 
[2024-05-13 12:39:30 : INFO] - There were no WebP conversion tools found on your server. 
[2024-05-13 12:39:30 : INFO] - Successfully optimized the image - /home/beritaqc/public_html/jschool/wp-content/uploads/2024/05/stylish-man-4N6J76M.jpg.The file was compressed from 47.82 KB to 46.33 KB, saving 3.11 percent, using WP-Optimize 
[2024-05-13 12:39:31 : INFO] - Completed processing task with ID : 12, and type 'smush' 
[2024-05-13 12:39:31 : INFO] - Processing task with ID : 13, and type 'smush' 
[2024-05-13 12:39:31 : INFO] - Re_Smush_It_Task - Attachment ID : 80, Started on : May 13, 2024 12:35:51 
[2024-05-13 12:39:31 : INFO] - File: happy-university-friends-using-laptop-while-studyi-2022-11-09-03-50-42-utc.jpg, Compression quality: 92 
[2024-05-13 12:39:34 : INFO] - Backing up the original image - 2024/05/happy-university-friends-using-laptop-while-studyi-2022-11-09-03-50-42-utc-updraft-pre-smush-original.jpg 
[2024-05-13 12:39:47 : INFO] - There were no WebP conversion tools found on your server. 
[2024-05-13 12:39:47 : INFO] - Successfully optimized the image - /home/beritaqc/public_html/jschool/wp-content/uploads/2024/05/happy-university-friends-using-laptop-while-studyi-2022-11-09-03-50-42-utc.jpg.The file was compressed from 183.66 KB to 141.14 KB, saving 23.15 percent, using WP-Optimize 
[2024-05-13 12:39:47 : INFO] - Completed processing task with ID : 13, and type 'smush' 
[2024-05-13 12:39:47 : INFO] - Processing task with ID : 14, and type 'smush' 
[2024-05-13 12:39:47 : INFO] - Re_Smush_It_Task - Attachment ID : 81, Started on : May 13, 2024 12:35:52 
[2024-05-13 12:39:47 : INFO] - File: graduation-education-and-portrait-of-woman-at-uni-2023-01-18-06-12-19-utc.jpg, Compression quality: 92 
[2024-05-13 12:39:53 : INFO] - Backing up the original image - 2024/05/graduation-education-and-portrait-of-woman-at-uni-2023-01-18-06-12-19-utc-updraft-pre-smush-original.jpg 
[2024-05-13 12:39:53 : INFO] - A total of 18 tasks of type smush found and will be processed in this iteration 
[2024-05-13 12:39:53 : DEBUG] - Lock option (updraft_lock_smush, wpxo_options) already existed in the database 
[2024-05-13 12:39:53 : INFO] - Lock (updraft_lock_smush, wpxo_options) could not be acquired (it is locked) 
[2024-05-13 12:39:53 : INFO] - Failed to gain semaphore lock (smush) - another process is already processing the queue - aborting (if this is wrong - i.e. if the other process crashed without removing the lock, then another can be started after 1 minute 
[2024-05-13 12:39:53 : INFO] - Cleaning up tasks of type (smush). A total of 5 tasks will be deleted. 
[2024-05-13 12:40:10 : INFO] - There were no WebP conversion tools found on your server. 
[2024-05-13 12:40:10 : INFO] - Successfully optimized the image - /home/beritaqc/public_html/jschool/wp-content/uploads/2024/05/graduation-education-and-portrait-of-woman-at-uni-2023-01-18-06-12-19-utc.jpg.The file was compressed from 211.49 KB to 107.31 KB, saving 49.26 percent, using WP-Optimize 
[2024-05-13 12:40:10 : INFO] - Completed processing task with ID : 14, and type 'smush' 
[2024-05-13 12:40:10 : INFO] - Processing task with ID : 15, and type 'smush' 
[2024-05-13 12:40:10 : INFO] - Re_Smush_It_Task - Attachment ID : 82, Started on : May 13, 2024 12:35:52 
[2024-05-13 12:40:10 : INFO] - File: 12-Adventure-Logo-01.png, Compression quality: 92 
[2024-05-13 12:40:12 : INFO] - Backing up the original image - 2024/05/12-Adventure-Logo-01-updraft-pre-smush-original.png 
[2024-05-13 12:40:14 : INFO] - There were no WebP conversion tools found on your server. 
[2024-05-13 12:40:14 : INFO] - Successfully optimized the image - /home/beritaqc/public_html/jschool/wp-content/uploads/2024/05/12-Adventure-Logo-01.png.The file was compressed from 2.37 KB to 1.19 KB, saving 49.65 percent, using WP-Optimize 
[2024-05-13 12:40:14 : INFO] - Completed processing task with ID : 15, and type 'smush' 
[2024-05-13 12:40:14 : INFO] - Processing task with ID : 16, and type 'smush' 
[2024-05-13 12:40:14 : INFO] - Re_Smush_It_Task - Attachment ID : 83, Started on : May 13, 2024 12:35:52 
[2024-05-13 12:40:14 : INFO] - File: 12-Adventure-Logo-02.png, Compression quality: 92 
[2024-05-13 12:40:16 : INFO] - Backing up the original image - 2024/05/12-Adventure-Logo-02-updraft-pre-smush-original.png 
[2024-05-13 12:40:19 : INFO] - There were no WebP conversion tools found on your server. 
[2024-05-13 12:40:19 : INFO] - Successfully optimized the image - /home/beritaqc/public_html/jschool/wp-content/uploads/2024/05/12-Adventure-Logo-02.png.The file was compressed from 2.85 KB to 1.43 KB, saving 50.02 percent, using WP-Optimize 
[2024-05-13 12:40:19 : INFO] - Completed processing task with ID : 16, and type 'smush' 
[2024-05-13 12:40:19 : INFO] - Processing task with ID : 17, and type 'smush' 
[2024-05-13 12:40:19 : INFO] - Re_Smush_It_Task - Attachment ID : 84, Started on : May 13, 2024 12:35:52 
[2024-05-13 12:40:19 : INFO] - File: 12-Adventure-Logo-05.png, Compression quality: 92 
[2024-05-13 12:40:20 : INFO] - Backing up the original image - 2024/05/12-Adventure-Logo-05-updraft-pre-smush-original.png 
[2024-05-13 12:40:26 : INFO] - There were no WebP conversion tools found on your server. 
[2024-05-13 12:40:26 : INFO] - Successfully optimized the image - /home/beritaqc/public_html/jschool/wp-content/uploads/2024/05/12-Adventure-Logo-05.png.The file was compressed from 2.32 KB to 1.15 KB, saving 50.34 percent, using WP-Optimize 
[2024-05-13 12:40:26 : INFO] - Completed processing task with ID : 17, and type 'smush' 
[2024-05-13 12:40:26 : INFO] - Processing task with ID : 18, and type 'smush' 
[2024-05-13 12:40:26 : INFO] - Re_Smush_It_Task - Attachment ID : 85, Started on : May 13, 2024 12:35:52 
[2024-05-13 12:40:26 : INFO] - File: 12-Adventure-Logo-04.png, Compression quality: 92 
[2024-05-13 12:40:28 : INFO] - Backing up the original image - 2024/05/12-Adventure-Logo-04-updraft-pre-smush-original.png 
[2024-05-13 12:40:31 : INFO] - There were no WebP conversion tools found on your server. 
[2024-05-13 12:40:31 : INFO] - Successfully optimized the image - /home/beritaqc/public_html/jschool/wp-content/uploads/2024/05/12-Adventure-Logo-04.png.The file was compressed from 2.55 KB to 1.29 KB, saving 49.66 percent, using WP-Optimize 
[2024-05-13 12:40:31 : INFO] - Completed processing task with ID : 18, and type 'smush' 
[2024-05-13 12:40:31 : INFO] - Processing task with ID : 19, and type 'smush' 
[2024-05-13 12:40:31 : INFO] - Re_Smush_It_Task - Attachment ID : 86, Started on : May 13, 2024 12:35:52 
[2024-05-13 12:40:31 : INFO] - File: 12-Adventure-Logo-06.png, Compression quality: 92 
[2024-05-13 12:40:32 : INFO] - Backing up the original image - 2024/05/12-Adventure-Logo-06-updraft-pre-smush-original.png 
[2024-05-13 12:40:33 : INFO] - There were no WebP conversion tools found on your server. 
[2024-05-13 12:40:33 : INFO] - Successfully optimized the image - /home/beritaqc/public_html/jschool/wp-content/uploads/2024/05/12-Adventure-Logo-06.png.The file was compressed from 2.99 KB to 1.42 KB, saving 52.4 percent, using WP-Optimize 
[2024-05-13 12:40:33 : INFO] - Completed processing task with ID : 19, and type 'smush' 
[2024-05-13 12:40:33 : INFO] - Processing task with ID : 20, and type 'smush' 
[2024-05-13 12:40:33 : INFO] - Re_Smush_It_Task - Attachment ID : 87, Started on : May 13, 2024 12:35:52 
[2024-05-13 12:40:33 : INFO] - File: educator-img8.png, Compression quality: 92 
[2024-05-13 12:40:37 : INFO] - Backing up the original image - 2024/05/educator-img8-updraft-pre-smush-original.png 
[2024-05-13 12:40:44 : INFO] - There were no WebP conversion tools found on your server. 
[2024-05-13 12:40:44 : INFO] - Successfully optimized the image - /home/beritaqc/public_html/jschool/wp-content/uploads/2024/05/educator-img8.png.The file was compressed from 173.98 KB to 56.40 KB, saving 67.58 percent, using WP-Optimize 
[2024-05-13 12:40:44 : INFO] - Completed processing task with ID : 20, and type 'smush' 
[2024-05-13 12:40:44 : INFO] - Processing task with ID : 21, and type 'smush' 
[2024-05-13 12:40:44 : INFO] - Re_Smush_It_Task - Attachment ID : 88, Started on : May 13, 2024 12:35:52 
[2024-05-13 12:40:44 : INFO] - File: educator-img11.png, Compression quality: 92 
[2024-05-13 12:40:49 : INFO] - Backing up the original image - 2024/05/educator-img11-updraft-pre-smush-original.png 
[2024-05-13 12:40:53 : INFO] - A total of 11 tasks of type smush found and will be processed in this iteration 
[2024-05-13 12:40:53 : INFO] - Lock (updraft_lock_smush, wpxo_options) acquired 
[2024-05-13 12:40:56 : INFO] - Task with ID 21 and type (smush) failed with error code could_not_lock - The task could not be locked 
[2024-05-13 12:40:56 : INFO] - Processing task with ID : 22, and type 'smush' 
[2024-05-13 12:40:56 : INFO] - Re_Smush_It_Task - Attachment ID : 89, Started on : May 13, 2024 12:35:52 
[2024-05-13 12:40:56 : INFO] - File: educator-img9.png, Compression quality: 92 
[2024-05-13 12:40:59 : INFO] - There were no WebP conversion tools found on your server. 
[2024-05-13 12:40:59 : INFO] - Successfully optimized the image - /home/beritaqc/public_html/jschool/wp-content/uploads/2024/05/educator-img11.png.The file was compressed from 196.70 KB to 62.11 KB, saving 68.42 percent, using WP-Optimize 
[2024-05-13 12:40:59 : INFO] - Completed processing task with ID : 21, and type 'smush' 
[2024-05-13 12:41:01 : INFO] - Backing up the original image - 2024/05/educator-img9-updraft-pre-smush-original.png 
[2024-05-13 12:41:02 : INFO] - Task with ID 22 and type (smush) failed with error code could_not_lock - The task could not be locked 
[2024-05-13 12:41:02 : INFO] - Processing task with ID : 23, and type 'smush' 
[2024-05-13 12:41:02 : INFO] - Re_Smush_It_Task - Attachment ID : 90, Started on : May 13, 2024 12:35:52 
[2024-05-13 12:41:02 : INFO] - File: educator-img10.png, Compression quality: 92 
[2024-05-13 12:41:07 : INFO] - Backing up the original image - 2024/05/educator-img10-updraft-pre-smush-original.png 
[2024-05-13 12:41:07 : INFO] - There were no WebP conversion tools found on your server. 
[2024-05-13 12:41:07 : INFO] - Successfully optimized the image - /home/beritaqc/public_html/jschool/wp-content/uploads/2024/05/educator-img9.png.The file was compressed from 214.32 KB to 65.20 KB, saving 69.58 percent, using WP-Optimize 
[2024-05-13 12:41:07 : INFO] - Completed processing task with ID : 22, and type 'smush' 
[2024-05-13 12:41:10 : INFO] - Task with ID 23 and type (smush) failed with error code could_not_lock - The task could not be locked 
[2024-05-13 12:41:10 : INFO] - Processing task with ID : 24, and type 'smush' 
[2024-05-13 12:41:10 : INFO] - Re_Smush_It_Task - Attachment ID : 91, Started on : May 13, 2024 12:35:52 
[2024-05-13 12:41:10 : INFO] - File: model-student-in-a-blue-dress-with-a-backpack-not-2022-12-10-01-23-09-utc2.png, Compression quality: 92 
[2024-05-13 12:41:15 : INFO] - There were no WebP conversion tools found on your server. 
[2024-05-13 12:41:15 : INFO] - Successfully optimized the image - /home/beritaqc/public_html/jschool/wp-content/uploads/2024/05/educator-img10.png.The file was compressed from 166.75 KB to 59.98 KB, saving 64.03 percent, using WP-Optimize 
[2024-05-13 12:41:15 : INFO] - Completed processing task with ID : 23, and type 'smush' 
[2024-05-13 12:41:18 : INFO] - Task with ID 24 and type (smush) failed with error code could_not_lock - The task could not be locked 
[2024-05-13 12:41:18 : INFO] - Processing task with ID : 25, and type 'smush' 
[2024-05-13 12:41:18 : INFO] - Re_Smush_It_Task - Attachment ID : 92, Started on : May 13, 2024 12:35:52 
[2024-05-13 12:41:18 : INFO] - File: shape-ev-1.png, Compression quality: 92 
[2024-05-13 12:41:21 : INFO] - Backing up the original image - 2024/05/model-student-in-a-blue-dress-with-a-backpack-not-2022-12-10-01-23-09-utc2-updraft-pre-smush-original.png 
[2024-05-13 12:41:25 : INFO] - Backing up the original image - 2024/05/shape-ev-1-updraft-pre-smush-original.png 
[2024-05-13 12:41:36 : INFO] - There were no WebP conversion tools found on your server. 
[2024-05-13 12:41:36 : INFO] - Successfully optimized the image - /home/beritaqc/public_html/jschool/wp-content/uploads/2024/05/model-student-in-a-blue-dress-with-a-backpack-not-2022-12-10-01-23-09-utc2.png.The file was compressed from 251.43 KB to 75.74 KB, saving 69.88 percent, using WP-Optimize 
[2024-05-13 12:41:36 : INFO] - Completed processing task with ID : 24, and type 'smush' 
[2024-05-13 12:41:39 : INFO] - Task with ID 25 and type (smush) failed with error code could_not_lock - The task could not be locked 
[2024-05-13 12:41:39 : INFO] - Processing task with ID : 26, and type 'smush' 
[2024-05-13 12:41:39 : INFO] - Re_Smush_It_Task - Attachment ID : 98, Started on : May 13, 2024 12:35:52 
[2024-05-13 12:41:39 : INFO] - File: placeholder.png, Compression quality: 92 
[2024-05-13 12:41:41 : INFO] - Task with ID 25 and type (smush) failed with error code invalid_response - The compression apparently succeeded, but WP-Optimize could not retrieve the compressed image from the remote server. 
[2024-05-13 12:41:41 : INFO] - data: {"src":"http:\/\/hel2.static.resmush.it\/311dfa031c28d44a33a2793e65e1baf0\/_src_shape-ev-1-150x150.png","dest":"http:\/\/hel2.static.resmush.it\/311dfa031c28d44a33a2793e65e1baf0\/shape-ev-1-150x150.png","src_size":5132,"dest_size":3188,"percent":38,"output":"json","expires":"Mon, 13 May 2024 14:46:36 +0200","generator":"reSmush.it rev.3.0.11.20240125"} 
[2024-05-13 12:41:42 : INFO] - Backing up the original image - 2024/05/placeholder-updraft-pre-smush-original.png 
[2024-05-13 12:41:53 : INFO] - A total of 6 tasks of type smush found and will be processed in this iteration 
[2024-05-13 12:41:53 : DEBUG] - Lock option (updraft_lock_smush, wpxo_options) already existed in the database 
[2024-05-13 12:41:53 : INFO] - Lock (updraft_lock_smush, wpxo_options) could not be acquired (it is locked) 
[2024-05-13 12:41:53 : INFO] - Failed to gain semaphore lock (smush) - another process is already processing the queue - aborting (if this is wrong - i.e. if the other process crashed without removing the lock, then another can be started after 1 minute 
[2024-05-13 12:41:53 : INFO] - Cleaning up tasks of type (smush). A total of 11 tasks will be deleted. 
[2024-05-13 12:41:59 : INFO] - There were no WebP conversion tools found on your server. 
[2024-05-13 12:41:59 : INFO] - Successfully optimized the image - /home/beritaqc/public_html/jschool/wp-content/uploads/2024/05/shape-ev-1.png.The file was compressed from 262.88 KB to 127.38 KB, saving 51.54 percent, using WP-Optimize 
[2024-05-13 12:41:59 : INFO] - Completed processing task with ID : 25, and type 'smush' 
[2024-05-13 12:42:02 : INFO] - Task with ID 26 and type (smush) failed with error code could_not_lock - The task could not be locked 
[2024-05-13 12:42:02 : INFO] - Processing task with ID : 27, and type 'smush' 
[2024-05-13 12:42:02 : INFO] - Re_Smush_It_Task - Attachment ID : 123, Started on : May 13, 2024 12:35:52 
[2024-05-13 12:42:02 : INFO] - File: shape-ev.png, Compression quality: 92 
[2024-05-13 12:42:08 : INFO] - Backing up the original image - 2024/05/shape-ev-updraft-pre-smush-original.png 
[2024-05-13 12:42:23 : INFO] - Task with ID 26 and type (smush) failed with error code http_request_failed - cURL error 28: Operation timed out after 30002 milliseconds with 0 bytes received 
[2024-05-13 12:42:23 : INFO] - Cannot establish connection with reSmush.it webservice. Please try later 
[2024-05-13 12:42:23 : INFO] - There were no WebP conversion tools found on your server. 
[2024-05-13 12:42:23 : INFO] - Successfully optimized the image - /home/beritaqc/public_html/jschool/wp-content/uploads/2024/05/placeholder.png.The file was compressed from 6.00 KB to 5.03 KB, saving 16.19 percent, using WP-Optimize 
[2024-05-13 12:42:23 : INFO] - Completed processing task with ID : 26, and type 'smush' 
[2024-05-13 12:42:26 : INFO] - Task with ID 27 and type (smush) failed with error code could_not_lock - The task could not be locked 
[2024-05-13 12:42:26 : INFO] - Processing task with ID : 28, and type 'smush' 
[2024-05-13 12:42:26 : INFO] - Re_Smush_It_Task - Attachment ID : 159, Started on : May 13, 2024 12:35:52 
[2024-05-13 12:42:26 : INFO] - File: Elementor-post-screenshot_62_2024-05-12-10-02-21_701f541c.png, Compression quality: 92 
[2024-05-13 12:42:29 : INFO] - Backing up the original image - elementor/screenshots/Elementor-post-screenshot_62_2024-05-12-10-02-21_701f541c-updraft-pre-smush-original.png 
[2024-05-13 12:42:29 : INFO] - There were no WebP conversion tools found on your server. 
[2024-05-13 12:42:29 : INFO] - Successfully optimized the image - /home/beritaqc/public_html/jschool/wp-content/uploads/elementor/screenshots/Elementor-post-screenshot_62_2024-05-12-10-02-21_701f541c.png.The file was compressed from 25.06 KB to 8.73 KB, saving 65.18 percent, using WP-Optimize 
[2024-05-13 12:42:29 : INFO] - Completed processing task with ID : 28, and type 'smush' 
[2024-05-13 12:42:29 : INFO] - Processing task with ID : 29, and type 'smush' 
[2024-05-13 12:42:29 : INFO] - Re_Smush_It_Task - Attachment ID : 160, Started on : May 13, 2024 12:35:52 
[2024-05-13 12:42:29 : INFO] - File: Elementor-post-screenshot_66_2024-05-12-10-02-25_4f56025d.png, Compression quality: 92 
[2024-05-13 12:42:32 : INFO] - There were no WebP conversion tools found on your server. 
[2024-05-13 12:42:32 : INFO] - Successfully optimized the image - /home/beritaqc/public_html/jschool/wp-content/uploads/2024/05/shape-ev.png.The file was compressed from 262.88 KB to 127.38 KB, saving 51.54 percent, using WP-Optimize 
[2024-05-13 12:42:32 : INFO] - Completed processing task with ID : 27, and type 'smush' 
[2024-05-13 12:42:32 : INFO] - Processing task with ID : 28, and type 'smush' 
[2024-05-13 12:42:32 : INFO] - Re_Smush_It_Task - Attachment ID : 159, Started on : May 13, 2024 12:35:52 
[2024-05-13 12:42:32 : INFO] - File: Elementor-post-screenshot_62_2024-05-12-10-02-21_701f541c.png, Compression quality: 92 
[2024-05-13 12:42:35 : INFO] - Backing up the original image - elementor/screenshots/Elementor-post-screenshot_62_2024-05-12-10-02-21_701f541c-updraft-pre-smush-original.png 
[2024-05-13 12:42:35 : INFO] - There were no WebP conversion tools found on your server. 
[2024-05-13 12:42:35 : INFO] - Successfully optimized the image - /home/beritaqc/public_html/jschool/wp-content/uploads/elementor/screenshots/Elementor-post-screenshot_62_2024-05-12-10-02-21_701f541c.png.The file was compressed from 8.73 KB to 8.72 KB, saving 0.04 percent, using WP-Optimize 
[2024-05-13 12:42:35 : INFO] - Completed processing task with ID : 28, and type 'smush' 
[2024-05-13 12:42:37 : INFO] - Backing up the original image - elementor/screenshots/Elementor-post-screenshot_66_2024-05-12-10-02-25_4f56025d-updraft-pre-smush-original.png 
[2024-05-13 12:42:37 : INFO] - There were no WebP conversion tools found on your server. 
[2024-05-13 12:42:37 : INFO] - Successfully optimized the image - /home/beritaqc/public_html/jschool/wp-content/uploads/elementor/screenshots/Elementor-post-screenshot_66_2024-05-12-10-02-25_4f56025d.png.The file was compressed from 162.56 KB to 50.23 KB, saving 69.1 percent, using WP-Optimize 
[2024-05-13 12:42:37 : INFO] - Completed processing task with ID : 29, and type 'smush' 
[2024-05-13 12:42:37 : INFO] - Processing task with ID : 30, and type 'smush' 
[2024-05-13 12:42:37 : INFO] - Re_Smush_It_Task - Attachment ID : 342, Started on : May 13, 2024 12:35:52 
[2024-05-13 12:42:37 : INFO] - File: Logo-JSchool.png, Compression quality: 92 
[2024-05-13 12:42:38 : INFO] - Task with ID 29 and type (smush) failed with error code could_not_lock - The task could not be locked 
[2024-05-13 12:42:40 : INFO] - Backing up the original image - 2024/05/Logo-JSchool-updraft-pre-smush-original.png 
[2024-05-13 12:42:41 : INFO] - Task with ID 30 and type (smush) failed with error code could_not_lock - The task could not be locked 
[2024-05-13 12:42:41 : INFO] - Processing task with ID : 31, and type 'smush' 
[2024-05-13 12:42:41 : INFO] - Re_Smush_It_Task - Attachment ID : 467, Started on : May 13, 2024 12:35:52 
[2024-05-13 12:42:41 : INFO] - File: jschool.png, Compression quality: 92 
[2024-05-13 12:42:42 : INFO] - Backing up the original image - 2024/05/jschool-updraft-pre-smush-original.png 
[2024-05-13 12:42:42 : INFO] - There were no WebP conversion tools found on your server. 
[2024-05-13 12:42:42 : INFO] - Successfully optimized the image - /home/beritaqc/public_html/jschool/wp-content/uploads/2024/05/jschool.png.The file was compressed from 5.33 KB to 2.50 KB, saving 53.1 percent, using WP-Optimize 
[2024-05-13 12:42:42 : INFO] - Completed processing task with ID : 31, and type 'smush' 
[2024-05-13 12:42:42 : INFO] - Lock option (updraft_lock_smush, wpxo_options) released 
[2024-05-13 12:42:42 : INFO] - Successfully processed the queue (smush). 31 tasks were processed out of 31. 
[2024-05-13 12:42:42 : INFO] - Lock option (updraft_lock_smush, wpxo_options) was deleted from the database 
[2024-05-13 12:42:42 : INFO] - Cleaning up tasks of type (smush). A total of 5 tasks will be deleted. 
[2024-05-13 12:42:48 : INFO] - There were no WebP conversion tools found on your server. 
[2024-05-13 12:42:48 : INFO] - Successfully optimized the image - /home/beritaqc/public_html/jschool/wp-content/uploads/2024/05/Logo-JSchool.png.The file was compressed from 21.93 KB to 6.97 KB, saving 68.23 percent, using WP-Optimize 
[2024-05-13 12:42:48 : INFO] - Completed processing task with ID : 30, and type 'smush' 
[2024-05-13 12:42:48 : INFO] - The task with id : 31, and type 'smush' seems to have been deleted from the database. 
[2024-05-13 12:42:48 : INFO] - Lock option (updraft_lock_smush, wpxo_options) released 
[2024-05-13 12:42:48 : INFO] - Successfully processed the queue (smush). 11 tasks were processed out of 11. 
[2024-05-13 12:42:48 : INFO] - Lock option (updraft_lock_smush, wpxo_options) was deleted from the database 
[2024-05-13 12:42:48 : INFO] - Cleaning up tasks of type (smush). A total of 1 tasks will be deleted. 
